  main.cpp
f:\github\prt\spreadsheetex1\spreadsheetex1\cell.cpp(20): error C2633: 'CellValue<T>': 'inline' is the only legal storage class for constructors
  f:\github\prt\spreadsheetex1\spreadsheetex1\cell.cpp(21): note: see reference to class template instantiation 'CellValue<T>' being compiled
f:\github\prt\spreadsheetex1\spreadsheetex1\cell.cpp(25): error C2039: 'Cellvalue': is not a member of 'CellValue'
  f:\github\prt\spreadsheetex1\spreadsheetex1\cell.cpp(12): note: see declaration of 'CellValue'
f:\github\prt\spreadsheetex1\spreadsheetex1\cell.cpp(25): error C2447: '{': missing function header (old-style formal list?)
f:\github\prt\spreadsheetex1\spreadsheetex1\cell.cpp(20): error C2633: 'CellValue<int>': 'inline' is the only legal storage class for constructors
  f:\github\prt\spreadsheetex1\spreadsheetex1\cell.cpp(30): note: see reference to class template instantiation 'CellValue<int>' being compiled
f:\github\prt\spreadsheetex1\spreadsheetex1\cell.cpp(20): error C2633: 'CellValue<float>': 'inline' is the only legal storage class for constructors
  f:\github\prt\spreadsheetex1\spreadsheetex1\cell.cpp(36): note: see reference to class template instantiation 'CellValue<float>' being compiled
f:\github\prt\spreadsheetex1\spreadsheetex1\cell.cpp(20): error C2633: 'CellValue<std::string>': 'inline' is the only legal storage class for constructors
  f:\github\prt\spreadsheetex1\spreadsheetex1\cell.cpp(42): note: see reference to class template instantiation 'CellValue<std::string>' being compiled
f:\github\prt\spreadsheetex1\spreadsheetex1\cell.cpp(93): warning C4244: 'return': conversion from 'int' to 'float', possible loss of data
f:\github\prt\spreadsheetex1\spreadsheetex1\cell.cpp(7): error C2011: 'CellValueBase': 'class' type redefinition
  f:\github\prt\spreadsheetex1\spreadsheetex1\cell.cpp(7): note: see declaration of 'CellValueBase'
f:\github\prt\spreadsheetex1\spreadsheetex1\cell.cpp(21): error C2953: 'CellValue': class template has already been defined
  f:\github\prt\spreadsheetex1\spreadsheetex1\cell.cpp(12): note: see declaration of 'CellValue'
f:\github\prt\spreadsheetex1\spreadsheetex1\cell.cpp(25): error C2039: 'Cellvalue': is not a member of 'CellValue'
  f:\github\prt\spreadsheetex1\spreadsheetex1\cell.cpp(12): note: see declaration of 'CellValue'
f:\github\prt\spreadsheetex1\spreadsheetex1\cell.cpp(25): error C2447: '{': missing function header (old-style formal list?)
f:\github\prt\spreadsheetex1\spreadsheetex1\cell.cpp(31): error C2509: 'destroy': member function not declared in 'CellValue'
  f:\github\prt\spreadsheetex1\spreadsheetex1\cell.cpp(12): note: see declaration of 'CellValue'
f:\github\prt\spreadsheetex1\spreadsheetex1\cell.cpp(37): error C2509: 'destroy': member function not declared in 'CellValue'
  f:\github\prt\spreadsheetex1\spreadsheetex1\cell.cpp(12): note: see declaration of 'CellValue'
f:\github\prt\spreadsheetex1\spreadsheetex1\cell.cpp(43): error C2509: 'destroy': member function not declared in 'CellValue'
  f:\github\prt\spreadsheetex1\spreadsheetex1\cell.cpp(12): note: see declaration of 'CellValue'
f:\github\prt\spreadsheetex1\spreadsheetex1\cell.cpp(49): error C2509: 'print': member function not declared in 'CellValue'
  f:\github\prt\spreadsheetex1\spreadsheetex1\cell.cpp(12): note: see declaration of 'CellValue'
f:\github\prt\spreadsheetex1\spreadsheetex1\cell.cpp(57): error C2509: 'print': member function not declared in 'CellValue'
  f:\github\prt\spreadsheetex1\spreadsheetex1\cell.cpp(12): note: see declaration of 'CellValue'
f:\github\prt\spreadsheetex1\spreadsheetex1\cell.cpp(65): error C2509: 'print': member function not declared in 'CellValue'
  f:\github\prt\spreadsheetex1\spreadsheetex1\cell.cpp(12): note: see declaration of 'CellValue'
f:\github\prt\spreadsheetex1\spreadsheetex1\cell.cpp(73): error C2509: 'convtn': member function not declared in 'CellValue'
  f:\github\prt\spreadsheetex1\spreadsheetex1\cell.cpp(12): note: see declaration of 'CellValue'
f:\github\prt\spreadsheetex1\spreadsheetex1\cell.cpp(80): error C2509: 'convtn': member function not declared in 'CellValue'
  f:\github\prt\spreadsheetex1\spreadsheetex1\cell.cpp(12): note: see declaration of 'CellValue'
f:\github\prt\spreadsheetex1\spreadsheetex1\cell.cpp(86): error C2509: 'convtn': member function not declared in 'CellValue'
  f:\github\prt\spreadsheetex1\spreadsheetex1\cell.cpp(12): note: see declaration of 'CellValue'
f:\github\prt\spreadsheetex1\spreadsheetex1\cell.cpp(97): error C2011: 'Cell': 'class' type redefinition
  f:\github\prt\spreadsheetex1\spreadsheetex1\cell.cpp(97): note: see declaration of 'Cell'
f:\github\prt\spreadsheetex1\spreadsheetex1\sheet.cpp(9): error C2011: 'Sheet': 'class' type redefinition
  f:\github\prt\spreadsheetex1\spreadsheetex1\sheet.cpp(9): note: see declaration of 'Sheet'
  Cell.cpp
f:\github\prt\spreadsheetex1\spreadsheetex1\cell.cpp(20): error C2633: 'CellValue<T>': 'inline' is the only legal storage class for constructors
  f:\github\prt\spreadsheetex1\spreadsheetex1\cell.cpp(21): note: see reference to class template instantiation 'CellValue<T>' being compiled
f:\github\prt\spreadsheetex1\spreadsheetex1\cell.cpp(25): error C2039: 'Cellvalue': is not a member of 'CellValue'
  f:\github\prt\spreadsheetex1\spreadsheetex1\cell.cpp(12): note: see declaration of 'CellValue'
f:\github\prt\spreadsheetex1\spreadsheetex1\cell.cpp(25): error C2447: '{': missing function header (old-style formal list?)
f:\github\prt\spreadsheetex1\spreadsheetex1\cell.cpp(20): error C2633: 'CellValue<int>': 'inline' is the only legal storage class for constructors
  f:\github\prt\spreadsheetex1\spreadsheetex1\cell.cpp(30): note: see reference to class template instantiation 'CellValue<int>' being compiled
f:\github\prt\spreadsheetex1\spreadsheetex1\cell.cpp(20): error C2633: 'CellValue<float>': 'inline' is the only legal storage class for constructors
  f:\github\prt\spreadsheetex1\spreadsheetex1\cell.cpp(36): note: see reference to class template instantiation 'CellValue<float>' being compiled
f:\github\prt\spreadsheetex1\spreadsheetex1\cell.cpp(20): error C2633: 'CellValue<std::string>': 'inline' is the only legal storage class for constructors
  f:\github\prt\spreadsheetex1\spreadsheetex1\cell.cpp(42): note: see reference to class template instantiation 'CellValue<std::string>' being compiled
f:\github\prt\spreadsheetex1\spreadsheetex1\cell.cpp(93): warning C4244: 'return': conversion from 'int' to 'float', possible loss of data
  Generating Code...
